{"/Users/youngrong/Personal/algorithm-study/baekjoon/algorithm-basic-1/201-data-structure-practice/2-10799.js": {"path":"/Users/youngrong/Personal/algorithm-study/baekjoon/algorithm-basic-1/201-data-structure-practice/2-10799.js","all":false,"statementMap":{"0":{"start":{"line":1,"column":0},"end":{"line":1,"column":3}},"1":{"start":{"line":2,"column":0},"end":{"line":2,"column":45}},"2":{"start":{"line":3,"column":0},"end":{"line":3,"column":15}},"3":{"start":{"line":4,"column":0},"end":{"line":4,"column":16}},"4":{"start":{"line":5,"column":0},"end":{"line":5,"column":14}},"5":{"start":{"line":6,"column":0},"end":{"line":6,"column":8}},"6":{"start":{"line":7,"column":0},"end":{"line":7,"column":35}},"7":{"start":{"line":8,"column":0},"end":{"line":8,"column":16}},"8":{"start":{"line":9,"column":0},"end":{"line":9,"column":32}},"9":{"start":{"line":10,"column":0},"end":{"line":10,"column":29}},"10":{"start":{"line":11,"column":0},"end":{"line":11,"column":45}},"11":{"start":{"line":12,"column":0},"end":{"line":12,"column":18}},"12":{"start":{"line":13,"column":0},"end":{"line":13,"column":51}},"13":{"start":{"line":14,"column":0},"end":{"line":14,"column":12}},"14":{"start":{"line":15,"column":0},"end":{"line":15,"column":24}},"15":{"start":{"line":16,"column":0},"end":{"line":16,"column":10}},"16":{"start":{"line":17,"column":0},"end":{"line":17,"column":29}},"17":{"start":{"line":18,"column":0},"end":{"line":18,"column":37}},"18":{"start":{"line":19,"column":0},"end":{"line":19,"column":9}},"19":{"start":{"line":20,"column":0},"end":{"line":20,"column":7}},"20":{"start":{"line":21,"column":0},"end":{"line":21,"column":13}},"21":{"start":{"line":22,"column":0},"end":{"line":22,"column":9}},"22":{"start":{"line":23,"column":0},"end":{"line":23,"column":27}},"23":{"start":{"line":24,"column":0},"end":{"line":24,"column":9}},"24":{"start":{"line":25,"column":0},"end":{"line":25,"column":31}},"25":{"start":{"line":26,"column":0},"end":{"line":26,"column":3}},"26":{"start":{"line":27,"column":0},"end":{"line":27,"column":0}},"27":{"start":{"line":28,"column":0},"end":{"line":28,"column":44}},"28":{"start":{"line":29,"column":0},"end":{"line":29,"column":86}},"29":{"start":{"line":30,"column":0},"end":{"line":30,"column":0}},"30":{"start":{"line":31,"column":0},"end":{"line":31,"column":18}},"31":{"start":{"line":32,"column":0},"end":{"line":32,"column":17}},"32":{"start":{"line":33,"column":0},"end":{"line":33,"column":21}},"33":{"start":{"line":34,"column":0},"end":{"line":34,"column":0}},"34":{"start":{"line":35,"column":0},"end":{"line":35,"column":50}},"35":{"start":{"line":36,"column":0},"end":{"line":36,"column":25}},"36":{"start":{"line":37,"column":0},"end":{"line":37,"column":19}},"37":{"start":{"line":38,"column":0},"end":{"line":38,"column":12}},"38":{"start":{"line":39,"column":0},"end":{"line":39,"column":19}},"39":{"start":{"line":40,"column":0},"end":{"line":40,"column":30}},"40":{"start":{"line":41,"column":0},"end":{"line":41,"column":26}},"41":{"start":{"line":42,"column":0},"end":{"line":42,"column":14}},"42":{"start":{"line":43,"column":0},"end":{"line":43,"column":20}},"43":{"start":{"line":44,"column":0},"end":{"line":44,"column":7}},"44":{"start":{"line":45,"column":0},"end":{"line":45,"column":5}},"45":{"start":{"line":46,"column":0},"end":{"line":46,"column":23}},"46":{"start":{"line":47,"column":0},"end":{"line":47,"column":5}},"47":{"start":{"line":48,"column":0},"end":{"line":48,"column":0}},"48":{"start":{"line":49,"column":0},"end":{"line":49,"column":16}},"49":{"start":{"line":50,"column":0},"end":{"line":50,"column":1}},"50":{"start":{"line":51,"column":0},"end":{"line":51,"column":0}},"51":{"start":{"line":52,"column":0},"end":{"line":52,"column":53}},"52":{"start":{"line":53,"column":0},"end":{"line":53,"column":86}},"53":{"start":{"line":54,"column":0},"end":{"line":54,"column":0}},"54":{"start":{"line":55,"column":0},"end":{"line":55,"column":17}},"55":{"start":{"line":56,"column":0},"end":{"line":56,"column":17}},"56":{"start":{"line":57,"column":0},"end":{"line":57,"column":0}},"57":{"start":{"line":58,"column":0},"end":{"line":58,"column":53}},"58":{"start":{"line":59,"column":0},"end":{"line":59,"column":25}},"59":{"start":{"line":60,"column":0},"end":{"line":60,"column":25}},"60":{"start":{"line":61,"column":0},"end":{"line":61,"column":12}},"61":{"start":{"line":62,"column":0},"end":{"line":62,"column":18}},"62":{"start":{"line":63,"column":0},"end":{"line":63,"column":0}},"63":{"start":{"line":64,"column":0},"end":{"line":64,"column":40}},"64":{"start":{"line":65,"column":0},"end":{"line":65,"column":31}},"65":{"start":{"line":66,"column":0},"end":{"line":66,"column":14}},"66":{"start":{"line":67,"column":0},"end":{"line":67,"column":20}},"67":{"start":{"line":68,"column":0},"end":{"line":68,"column":7}},"68":{"start":{"line":69,"column":0},"end":{"line":69,"column":5}},"69":{"start":{"line":70,"column":0},"end":{"line":70,"column":5}},"70":{"start":{"line":71,"column":0},"end":{"line":71,"column":0}},"71":{"start":{"line":72,"column":0},"end":{"line":72,"column":16}},"72":{"start":{"line":73,"column":0},"end":{"line":73,"column":1}},"73":{"start":{"line":74,"column":0},"end":{"line":74,"column":0}},"74":{"start":{"line":75,"column":0},"end":{"line":75,"column":67}}},"s":{"0":1,"1":1,"2":1,"3":1,"4":1,"5":1,"6":1,"7":1,"8":1,"9":1,"10":1,"11":1,"12":1,"13":1,"14":1,"15":1,"16":1,"17":1,"18":1,"19":1,"20":1,"21":1,"22":1,"23":1,"24":1,"25":1,"26":1,"27":7,"28":7,"29":6,"30":6,"31":6,"32":6,"33":6,"34":6,"35":72,"36":36,"37":36,"38":36,"39":36,"40":22,"41":36,"42":14,"43":14,"44":36,"45":72,"46":72,"47":6,"48":6,"49":6,"50":1,"51":7,"52":7,"53":6,"54":6,"55":6,"56":6,"57":6,"58":72,"59":36,"60":36,"61":36,"62":36,"63":36,"64":22,"65":36,"66":14,"67":14,"68":36,"69":72,"70":6,"71":6,"72":6,"73":1,"74":1},"branchMap":{"0":{"type":"branch","line":28,"loc":{"start":{"line":28,"column":0},"end":{"line":50,"column":1}},"locations":[{"start":{"line":28,"column":0},"end":{"line":50,"column":1}}]},"1":{"type":"branch","line":29,"loc":{"start":{"line":29,"column":42},"end":{"line":29,"column":48}},"locations":[{"start":{"line":29,"column":42},"end":{"line":29,"column":48}}]},"2":{"type":"branch","line":29,"loc":{"start":{"line":29,"column":42},"end":{"line":50,"column":1}},"locations":[{"start":{"line":29,"column":42},"end":{"line":50,"column":1}}]},"3":{"type":"branch","line":35,"loc":{"start":{"line":35,"column":38},"end":{"line":47,"column":5}},"locations":[{"start":{"line":35,"column":38},"end":{"line":47,"column":5}}]},"4":{"type":"branch","line":36,"loc":{"start":{"line":36,"column":24},"end":{"line":45,"column":5}},"locations":[{"start":{"line":36,"column":24},"end":{"line":45,"column":5}}]},"5":{"type":"branch","line":40,"loc":{"start":{"line":40,"column":29},"end":{"line":42,"column":13}},"locations":[{"start":{"line":40,"column":29},"end":{"line":42,"column":13}}]},"6":{"type":"branch","line":42,"loc":{"start":{"line":42,"column":7},"end":{"line":44,"column":7}},"locations":[{"start":{"line":42,"column":7},"end":{"line":44,"column":7}}]},"7":{"type":"branch","line":52,"loc":{"start":{"line":52,"column":0},"end":{"line":73,"column":1}},"locations":[{"start":{"line":52,"column":0},"end":{"line":73,"column":1}}]},"8":{"type":"branch","line":53,"loc":{"start":{"line":53,"column":42},"end":{"line":53,"column":48}},"locations":[{"start":{"line":53,"column":42},"end":{"line":53,"column":48}}]},"9":{"type":"branch","line":53,"loc":{"start":{"line":53,"column":42},"end":{"line":73,"column":1}},"locations":[{"start":{"line":53,"column":42},"end":{"line":73,"column":1}}]},"10":{"type":"branch","line":58,"loc":{"start":{"line":58,"column":37},"end":{"line":70,"column":5}},"locations":[{"start":{"line":58,"column":37},"end":{"line":70,"column":5}}]},"11":{"type":"branch","line":59,"loc":{"start":{"line":59,"column":24},"end":{"line":69,"column":5}},"locations":[{"start":{"line":59,"column":24},"end":{"line":69,"column":5}}]},"12":{"type":"branch","line":64,"loc":{"start":{"line":64,"column":39},"end":{"line":66,"column":13}},"locations":[{"start":{"line":64,"column":39},"end":{"line":66,"column":13}}]},"13":{"type":"branch","line":66,"loc":{"start":{"line":66,"column":7},"end":{"line":68,"column":7}},"locations":[{"start":{"line":66,"column":7},"end":{"line":68,"column":7}}]}},"b":{"0":[7],"1":[1],"2":[6],"3":[72],"4":[36],"5":[22],"6":[14],"7":[7],"8":[1],"9":[6],"10":[72],"11":[36],"12":[22],"13":[14]},"fnMap":{"0":{"name":"cutStickWithLaser","decl":{"start":{"line":28,"column":0},"end":{"line":50,"column":1}},"loc":{"start":{"line":28,"column":0},"end":{"line":50,"column":1}},"line":28},"1":{"name":"cutStickWithLaserWithStack","decl":{"start":{"line":52,"column":0},"end":{"line":73,"column":1}},"loc":{"start":{"line":52,"column":0},"end":{"line":73,"column":1}},"line":52}},"f":{"0":7,"1":7}}
}
