{"/Users/youngrong/Personal/algorithm-study/baekjoon/algorithm-basic-1/201-data-structure-practice/4-17299.js": {"path":"/Users/youngrong/Personal/algorithm-study/baekjoon/algorithm-basic-1/201-data-structure-practice/4-17299.js","all":false,"statementMap":{"0":{"start":{"line":1,"column":0},"end":{"line":1,"column":3}},"1":{"start":{"line":2,"column":0},"end":{"line":2,"column":45}},"2":{"start":{"line":3,"column":0},"end":{"line":3,"column":15}},"3":{"start":{"line":4,"column":0},"end":{"line":4,"column":16}},"4":{"start":{"line":5,"column":0},"end":{"line":5,"column":14}},"5":{"start":{"line":6,"column":0},"end":{"line":6,"column":36}},"6":{"start":{"line":7,"column":0},"end":{"line":7,"column":40}},"7":{"start":{"line":8,"column":0},"end":{"line":8,"column":27}},"8":{"start":{"line":9,"column":0},"end":{"line":9,"column":65}},"9":{"start":{"line":10,"column":0},"end":{"line":10,"column":18}},"10":{"start":{"line":11,"column":0},"end":{"line":11,"column":12}},"11":{"start":{"line":12,"column":0},"end":{"line":12,"column":51}},"12":{"start":{"line":13,"column":0},"end":{"line":13,"column":10}},"13":{"start":{"line":14,"column":0},"end":{"line":14,"column":39}},"14":{"start":{"line":15,"column":0},"end":{"line":15,"column":52}},"15":{"start":{"line":16,"column":0},"end":{"line":16,"column":9}},"16":{"start":{"line":17,"column":0},"end":{"line":17,"column":7}},"17":{"start":{"line":18,"column":0},"end":{"line":18,"column":13}},"18":{"start":{"line":19,"column":0},"end":{"line":19,"column":9}},"19":{"start":{"line":20,"column":0},"end":{"line":20,"column":5}},"20":{"start":{"line":21,"column":0},"end":{"line":21,"column":14}},"21":{"start":{"line":22,"column":0},"end":{"line":22,"column":3}},"22":{"start":{"line":23,"column":0},"end":{"line":23,"column":0}},"23":{"start":{"line":24,"column":0},"end":{"line":24,"column":8}},"24":{"start":{"line":25,"column":0},"end":{"line":25,"column":25}},"25":{"start":{"line":26,"column":0},"end":{"line":26,"column":18}},"26":{"start":{"line":27,"column":0},"end":{"line":27,"column":0}},"27":{"start":{"line":28,"column":0},"end":{"line":28,"column":36}},"28":{"start":{"line":29,"column":0},"end":{"line":29,"column":60}},"29":{"start":{"line":30,"column":0},"end":{"line":30,"column":0}},"30":{"start":{"line":31,"column":0},"end":{"line":31,"column":41}},"31":{"start":{"line":32,"column":0},"end":{"line":32,"column":54}},"32":{"start":{"line":33,"column":0},"end":{"line":33,"column":0}},"33":{"start":{"line":34,"column":0},"end":{"line":34,"column":26}},"34":{"start":{"line":35,"column":0},"end":{"line":35,"column":16}},"35":{"start":{"line":36,"column":0},"end":{"line":36,"column":1}},"36":{"start":{"line":37,"column":0},"end":{"line":37,"column":0}},"37":{"start":{"line":38,"column":0},"end":{"line":38,"column":23}},"38":{"start":{"line":39,"column":0},"end":{"line":39,"column":16}},"39":{"start":{"line":40,"column":0},"end":{"line":40,"column":21}},"40":{"start":{"line":41,"column":0},"end":{"line":41,"column":26}},"41":{"start":{"line":42,"column":0},"end":{"line":42,"column":4}},"42":{"start":{"line":43,"column":0},"end":{"line":43,"column":0}},"43":{"start":{"line":44,"column":0},"end":{"line":44,"column":15}},"44":{"start":{"line":45,"column":0},"end":{"line":45,"column":1}},"45":{"start":{"line":46,"column":0},"end":{"line":46,"column":0}},"46":{"start":{"line":47,"column":0},"end":{"line":47,"column":31}},"47":{"start":{"line":48,"column":0},"end":{"line":48,"column":13}},"48":{"start":{"line":49,"column":0},"end":{"line":49,"column":45}},"49":{"start":{"line":50,"column":0},"end":{"line":50,"column":26}},"50":{"start":{"line":51,"column":0},"end":{"line":51,"column":17}},"51":{"start":{"line":52,"column":0},"end":{"line":52,"column":12}},"52":{"start":{"line":53,"column":0},"end":{"line":53,"column":5}},"53":{"start":{"line":54,"column":0},"end":{"line":54,"column":3}},"54":{"start":{"line":55,"column":0},"end":{"line":55,"column":11}},"55":{"start":{"line":56,"column":0},"end":{"line":56,"column":1}},"56":{"start":{"line":57,"column":0},"end":{"line":57,"column":0}},"57":{"start":{"line":58,"column":0},"end":{"line":58,"column":5}},"58":{"start":{"line":59,"column":0},"end":{"line":59,"column":37}},"59":{"start":{"line":60,"column":0},"end":{"line":60,"column":36}},"60":{"start":{"line":61,"column":0},"end":{"line":61,"column":60}},"61":{"start":{"line":62,"column":0},"end":{"line":62,"column":2}},"62":{"start":{"line":63,"column":0},"end":{"line":63,"column":43}},"63":{"start":{"line":64,"column":0},"end":{"line":64,"column":17}},"64":{"start":{"line":65,"column":0},"end":{"line":65,"column":15}},"65":{"start":{"line":66,"column":0},"end":{"line":66,"column":12}},"66":{"start":{"line":67,"column":0},"end":{"line":67,"column":17}},"67":{"start":{"line":68,"column":0},"end":{"line":68,"column":5}},"68":{"start":{"line":69,"column":0},"end":{"line":69,"column":15}},"69":{"start":{"line":70,"column":0},"end":{"line":70,"column":9}},"70":{"start":{"line":71,"column":0},"end":{"line":71,"column":0}},"71":{"start":{"line":72,"column":0},"end":{"line":72,"column":33}},"72":{"start":{"line":73,"column":0},"end":{"line":73,"column":39}},"73":{"start":{"line":74,"column":0},"end":{"line":74,"column":0}},"74":{"start":{"line":75,"column":0},"end":{"line":75,"column":19}},"75":{"start":{"line":76,"column":0},"end":{"line":76,"column":42}},"76":{"start":{"line":77,"column":0},"end":{"line":77,"column":11}},"77":{"start":{"line":78,"column":0},"end":{"line":78,"column":25}},"78":{"start":{"line":79,"column":0},"end":{"line":79,"column":63}},"79":{"start":{"line":80,"column":0},"end":{"line":80,"column":7}},"80":{"start":{"line":81,"column":0},"end":{"line":81,"column":37}},"81":{"start":{"line":82,"column":0},"end":{"line":82,"column":5}},"82":{"start":{"line":83,"column":0},"end":{"line":83,"column":0}},"83":{"start":{"line":84,"column":0},"end":{"line":84,"column":18}},"84":{"start":{"line":85,"column":0},"end":{"line":85,"column":3}},"85":{"start":{"line":86,"column":0},"end":{"line":86,"column":26}},"86":{"start":{"line":87,"column":0},"end":{"line":87,"column":1}},"87":{"start":{"line":88,"column":0},"end":{"line":88,"column":0}},"88":{"start":{"line":89,"column":0},"end":{"line":89,"column":47}}},"s":{"0":1,"1":1,"2":1,"3":1,"4":1,"5":1,"6":1,"7":1,"8":1,"9":1,"10":1,"11":1,"12":1,"13":1,"14":1,"15":1,"16":1,"17":1,"18":1,"19":1,"20":1,"21":1,"22":1,"23":1,"24":3,"25":3,"26":3,"27":3,"28":3,"29":3,"30":3,"31":3,"32":3,"33":3,"34":3,"35":3,"36":1,"37":1,"38":15,"39":15,"40":99,"41":99,"42":15,"43":15,"44":15,"45":1,"46":1,"47":15,"48":15,"49":30,"50":7,"51":7,"52":7,"53":30,"54":15,"55":15,"56":1,"57":1,"58":1,"59":3,"60":3,"61":3,"62":3,"63":15,"64":7,"65":15,"66":8,"67":8,"68":15,"69":3,"70":3,"71":3,"72":3,"73":3,"74":3,"75":3,"76":15,"77":15,"78":15,"79":15,"80":7,"81":7,"82":15,"83":15,"84":15,"85":3,"86":3,"87":1,"88":1},"branchMap":{"0":{"type":"branch","line":25,"loc":{"start":{"line":25,"column":0},"end":{"line":36,"column":1}},"locations":[{"start":{"line":25,"column":0},"end":{"line":36,"column":1}}]},"1":{"type":"branch","line":29,"loc":{"start":{"line":29,"column":42},"end":{"line":29,"column":56}},"locations":[{"start":{"line":29,"column":42},"end":{"line":29,"column":56}}]},"2":{"type":"branch","line":31,"loc":{"start":{"line":31,"column":23},"end":{"line":31,"column":30}},"locations":[{"start":{"line":31,"column":23},"end":{"line":31,"column":30}}]},"3":{"type":"branch","line":32,"loc":{"start":{"line":32,"column":25},"end":{"line":32,"column":39}},"locations":[{"start":{"line":32,"column":25},"end":{"line":32,"column":39}}]},"4":{"type":"branch","line":38,"loc":{"start":{"line":38,"column":10},"end":{"line":45,"column":1}},"locations":[{"start":{"line":38,"column":10},"end":{"line":45,"column":1}}]},"5":{"type":"branch","line":40,"loc":{"start":{"line":40,"column":14},"end":{"line":42,"column":4}},"locations":[{"start":{"line":40,"column":14},"end":{"line":42,"column":4}}]},"6":{"type":"branch","line":41,"loc":{"start":{"line":41,"column":18},"end":{"line":41,"column":26}},"locations":[{"start":{"line":41,"column":18},"end":{"line":41,"column":26}}]},"7":{"type":"branch","line":47,"loc":{"start":{"line":47,"column":12},"end":{"line":56,"column":1}},"locations":[{"start":{"line":47,"column":12},"end":{"line":56,"column":1}}]},"8":{"type":"branch","line":49,"loc":{"start":{"line":49,"column":44},"end":{"line":54,"column":3}},"locations":[{"start":{"line":49,"column":44},"end":{"line":54,"column":3}}]},"9":{"type":"branch","line":50,"loc":{"start":{"line":50,"column":25},"end":{"line":53,"column":5}},"locations":[{"start":{"line":50,"column":25},"end":{"line":53,"column":5}}]},"10":{"type":"branch","line":59,"loc":{"start":{"line":59,"column":26},"end":{"line":87,"column":1}},"locations":[{"start":{"line":59,"column":26},"end":{"line":87,"column":1}}]},"11":{"type":"branch","line":76,"loc":{"start":{"line":76,"column":41},"end":{"line":85,"column":3}},"locations":[{"start":{"line":76,"column":41},"end":{"line":85,"column":3}}]},"12":{"type":"branch","line":78,"loc":{"start":{"line":78,"column":6},"end":{"line":79,"column":54}},"locations":[{"start":{"line":78,"column":6},"end":{"line":79,"column":54}}]},"13":{"type":"branch","line":80,"loc":{"start":{"line":80,"column":6},"end":{"line":82,"column":5}},"locations":[{"start":{"line":80,"column":6},"end":{"line":82,"column":5}}]},"14":{"type":"branch","line":61,"loc":{"start":{"line":61,"column":42},"end":{"line":61,"column":56}},"locations":[{"start":{"line":61,"column":42},"end":{"line":61,"column":56}}]},"15":{"type":"branch","line":63,"loc":{"start":{"line":63,"column":30},"end":{"line":70,"column":5}},"locations":[{"start":{"line":63,"column":30},"end":{"line":70,"column":5}}]},"16":{"type":"branch","line":64,"loc":{"start":{"line":64,"column":16},"end":{"line":66,"column":11}},"locations":[{"start":{"line":64,"column":16},"end":{"line":66,"column":11}}]},"17":{"type":"branch","line":66,"loc":{"start":{"line":66,"column":5},"end":{"line":68,"column":5}},"locations":[{"start":{"line":66,"column":5},"end":{"line":68,"column":5}}]}},"b":{"0":[3],"1":[15],"2":[15],"3":[15],"4":[15],"5":[99],"6":[33],"7":[15],"8":[30],"9":[7],"10":[3],"11":[15],"12":[18],"13":[7],"14":[15],"15":[15],"16":[7],"17":[8]},"fnMap":{"0":{"name":"getNGFs","decl":{"start":{"line":25,"column":0},"end":{"line":36,"column":1}},"loc":{"start":{"line":25,"column":0},"end":{"line":36,"column":1}},"line":25},"1":{"name":"f","decl":{"start":{"line":38,"column":10},"end":{"line":45,"column":1}},"loc":{"start":{"line":38,"column":10},"end":{"line":45,"column":1}},"line":38},"2":{"name":"ngf","decl":{"start":{"line":47,"column":12},"end":{"line":56,"column":1}},"loc":{"start":{"line":47,"column":12},"end":{"line":56,"column":1}},"line":47},"3":{"name":"getNGFsWithStack","decl":{"start":{"line":59,"column":26},"end":{"line":87,"column":1}},"loc":{"start":{"line":59,"column":26},"end":{"line":87,"column":1}},"line":59}},"f":{"0":3,"1":15,"2":15,"3":3}}
}
