TN:
SF:baekjoon/algorithm-basic-1/201-data-structure-practice/4-17299.js
FN:25,getNGFs
FN:38,f
FN:47,ngf
FN:59,getNGFsWithStack
FNF:4
FNH:4
FNDA:3,getNGFs
FNDA:15,f
FNDA:15,ngf
FNDA:3,getNGFsWithStack
DA:1,1
DA:2,1
DA:3,1
DA:4,1
DA:5,1
DA:6,1
DA:7,1
DA:8,1
DA:9,1
DA:10,1
DA:11,1
DA:12,1
DA:13,1
DA:14,1
DA:15,1
DA:16,1
DA:17,1
DA:18,1
DA:19,1
DA:20,1
DA:21,1
DA:22,1
DA:23,1
DA:24,1
DA:25,3
DA:26,3
DA:27,3
DA:28,3
DA:29,3
DA:30,3
DA:31,3
DA:32,3
DA:33,3
DA:34,3
DA:35,3
DA:36,3
DA:37,1
DA:38,1
DA:39,15
DA:40,15
DA:41,99
DA:42,99
DA:43,15
DA:44,15
DA:45,15
DA:46,1
DA:47,1
DA:48,15
DA:49,15
DA:50,30
DA:51,7
DA:52,7
DA:53,7
DA:54,30
DA:55,15
DA:56,15
DA:57,1
DA:58,1
DA:59,1
DA:60,3
DA:61,3
DA:62,3
DA:63,3
DA:64,15
DA:65,7
DA:66,15
DA:67,8
DA:68,8
DA:69,15
DA:70,3
DA:71,3
DA:72,3
DA:73,3
DA:74,3
DA:75,3
DA:76,3
DA:77,15
DA:78,15
DA:79,15
DA:80,15
DA:81,7
DA:82,7
DA:83,15
DA:84,15
DA:85,15
DA:86,3
DA:87,3
DA:88,1
DA:89,1
LF:89
LH:89
BRDA:25,0,0,3
BRDA:29,1,0,15
BRDA:31,2,0,15
BRDA:32,3,0,15
BRDA:38,4,0,15
BRDA:40,5,0,99
BRDA:41,6,0,33
BRDA:47,7,0,15
BRDA:49,8,0,30
BRDA:50,9,0,7
BRDA:59,10,0,3
BRDA:76,11,0,15
BRDA:78,12,0,18
BRDA:80,13,0,7
BRDA:61,14,0,15
BRDA:63,15,0,15
BRDA:64,16,0,7
BRDA:66,17,0,8
BRF:18
BRH:18
end_of_record
