TN:
SF:baekjoon/algorithm-basic-1/201-data-structure-practice/2-10799.js
FN:28,cutStickWithLaser
FN:52,cutStickWithLaserWithStack
FNF:2
FNH:2
FNDA:7,cutStickWithLaser
FNDA:7,cutStickWithLaserWithStack
DA:1,1
DA:2,1
DA:3,1
DA:4,1
DA:5,1
DA:6,1
DA:7,1
DA:8,1
DA:9,1
DA:10,1
DA:11,1
DA:12,1
DA:13,1
DA:14,1
DA:15,1
DA:16,1
DA:17,1
DA:18,1
DA:19,1
DA:20,1
DA:21,1
DA:22,1
DA:23,1
DA:24,1
DA:25,1
DA:26,1
DA:27,1
DA:28,7
DA:29,7
DA:30,6
DA:31,6
DA:32,6
DA:33,6
DA:34,6
DA:35,6
DA:36,72
DA:37,36
DA:38,36
DA:39,36
DA:40,36
DA:41,22
DA:42,36
DA:43,14
DA:44,14
DA:45,36
DA:46,72
DA:47,72
DA:48,6
DA:49,6
DA:50,6
DA:51,1
DA:52,7
DA:53,7
DA:54,6
DA:55,6
DA:56,6
DA:57,6
DA:58,6
DA:59,72
DA:60,36
DA:61,36
DA:62,36
DA:63,36
DA:64,36
DA:65,22
DA:66,36
DA:67,14
DA:68,14
DA:69,36
DA:70,72
DA:71,6
DA:72,6
DA:73,6
DA:74,1
DA:75,1
LF:75
LH:75
BRDA:28,0,0,7
BRDA:29,1,0,1
BRDA:29,2,0,6
BRDA:35,3,0,72
BRDA:36,4,0,36
BRDA:40,5,0,22
BRDA:42,6,0,14
BRDA:52,7,0,7
BRDA:53,8,0,1
BRDA:53,9,0,6
BRDA:58,10,0,72
BRDA:59,11,0,36
BRDA:64,12,0,22
BRDA:66,13,0,14
BRF:14
BRH:14
end_of_record
